<?xml version="1.0" encoding="UTF-8"?>
<testng-results ignored="0" total="1" passed="1" failed="0" skipped="0">
  <reporter-output>
  </reporter-output>
  <suite started-at="2023-08-31T00:15:39 IST" name="Suite" finished-at="2023-08-31T00:22:29 IST" duration-ms="409845">
    <groups>
    </groups>
    <test started-at="2023-08-31T00:15:39 IST" name="UI Automation Uprise" finished-at="2023-08-31T00:22:29 IST" duration-ms="409845">
      <class name="Runner.RunProgram_Test">
        <test-method is-config="true" signature="LoadBrowser()[pri:0, instance:Runner.RunProgram_Test@742ff096]" started-at="2023-08-31T00:15:40 IST" name="LoadBrowser" finished-at="2023-08-31T00:16:09 IST" duration-ms="29952" status="PASS">
          <reporter-output>
          </reporter-output>
        </test-method> <!-- LoadBrowser -->
        <test-method signature="Running()[pri:0, instance:Runner.RunProgram_Test@742ff096]" started-at="2023-08-31T00:16:10 IST" name="Running" finished-at="2023-08-31T00:22:27 IST" duration-ms="377691" status="PASS">
          <reporter-output>
          </reporter-output>
        </test-method> <!-- Running -->
        <test-method is-config="true" signature="testDown()[pri:0, instance:Runner.RunProgram_Test@742ff096]" started-at="2023-08-31T00:22:27 IST" name="testDown" finished-at="2023-08-31T00:22:29 IST" duration-ms="1745" status="PASS">
          <reporter-output>
          </reporter-output>
        </test-method> <!-- testDown -->
      </class> <!-- Runner.RunProgram_Test -->
    </test> <!-- UI Automation Uprise -->
  </suite> <!-- Suite -->
</testng-results>
